1 0 91 92 93 94 
1 1 91 92 93 94 
1 2 91 92 93 94 
1 3 91 92 93 94 
1 4 91 92 93 94 
1 5 91 92 93 94 
1 6 91 92 93 94 
1 7 91 92 93 94 
1 8 91 92 93 94 
1 9 91 92 93 94 
1 10 91 92 93 94 
1 11 91 92 93 94 
1 12 91 92 93 94 
1 13 91 92 93 94 
1 14 91 92 93 94 
1 15 91 92 93 
1 16 91 92 93 94 
1 17 91 92 93 94 
1 18 91 92 93 94 
1 19 91 92 93 
1 20 91 92 93 94 
1 21 91 92 93 94 
1 22 91 92 93 94 
1 23 91 92 93 94 
1 24 91 92 93 94 
1 25 91 92 93 94 
1 26 91 92 93 94 
1 27 91 92 93 94 
1 28 91 92 93 94 
1 29 91 92 93 94 
1 30 91 92 93 94 
1 31 91 92 93 94 
1 32 91 92 93 94 
1 33 91 92 93 94 
1 34 91 92 93 94 
1 35 91 92 93 94 
1 36 91 92 93 94 
1 37 91 92 93 94 
1 38 91 92 93 94 
1 39 91 92 93 94 
1 40 91 92 93 94 
1 41 91 92 93 94 
1 42 91 92 93 94 
1 43 91 92 93 94 
1 44 91 92 93 94 
1 45 91 92 93 94 
1 46 91 92 93 94 
1 47 91 92 93 94 
1 48 91 92 93 94 
1 49 91 92 93 94 
1 50 91 92 93 94 
1 51 91 92 93 94 
1 52 91 92 93 94 
1 53 91 92 93 94 
1 54 91 92 93 94 
1 55 91 92 93 94 
1 56 91 92 93 
1 57 91 92 93 94 
1 58 91 92 93 94 
1 59 91 92 93 94 
1 60 91 92 93 
1 61 91 92 93 94 
1 62 91 92 93 94 
1 63 91 92 93 94 
1 64 91 92 93 94 
1 65 91 92 93 94 
1 66 91 92 93 94 
1 67 91 92 93 94 
1 68 91 92 93 94 
1 69 91 92 93 94 
1 70 91 92 93 94 
1 71 91 92 93 94 
1 72 91 92 93 94 
1 73 91 92 93 94 
1 74 91 92 93 94 
1 75 91 92 93 94 
1 76 91 92 93 94 
1 77 91 92 93 94 
1 78 91 92 93 94 
1 79 91 92 93 94 
1 80 91 92 93 94 
1 81 91 92 93 94 
1 82 91 92 93 94 
1 83 91 92 93 94 
1 84 91 92 93 94 
1 85 91 92 93 94 
1 86 81 82 83 84 91 92 93 94 
1 87 91 92 93 94 
1 88 91 92 93 94 
1 89 91 92 93 
1 90 91 92 93 94 
1 91 91 92 93 94 
1 92 91 92 93 94 
1 93 91 92 93 94 
1 94 91 92 93 94 
1 95 91 92 93 94 
1 96 91 92 93 94 
1 97 91 92 93 94 
1 98 91 92 93 94 
1 99 91 92 93 94 
1 100 91 92 93 94 
1 101 91 92 93 94 
1 102 91 92 93 94 
1 103 91 92 93 94 
1 104 91 92 93 94 
1 105 91 92 93 94 
1 106 91 92 93 94 
1 107 91 92 93 
1 108 91 92 93 94 
1 109 91 92 93 94 
1 110 91 92 93 94 
1 111 91 92 93 94 
1 112 91 92 93 94 
1 113 91 92 93 94 
1 114 91 92 93 
1 115 91 92 93 94 
1 116 91 92 93 94 
1 117 91 92 93 94 
1 118 91 92 93 94 
1 119 91 92 93 94 
1 120 91 92 93 94 
1 121 91 92 93 94 
1 122 91 92 93 94 
1 123 91 92 93 94 
1 124 91 92 93 94 
1 125 91 92 93 94 
1 126 91 92 93 94 
1 127 91 92 93 94 
1 128 91 92 93 94 
1 129 91 92 93 94 
1 130 91 92 93 94 
1 131 91 92 93 94 
1 132 91 92 93 94 
1 133 91 92 93 94 
1 134 91 92 93 94 
1 135 91 92 93 94 
1 136 91 92 93 94 
1 137 91 92 93 94 
1 138 91 92 93 94 
1 139 91 92 93 94 
1 140 91 92 93 94 
1 141 91 92 93 94 
1 142 91 92 93 94 
1 143 91 92 93 94 
1 144 91 92 93 94 
1 145 91 92 93 
1 146 91 92 93 94 
1 147 91 92 93 94 
1 148 91 92 93 94 
1 149 91 92 93 94 
1 150 91 92 93 94 
1 151 91 92 93 94 
1 152 91 92 93 
1 153 91 92 93 94 
1 154 91 92 93 94 
1 155 91 92 93 94 
1 156 91 92 93 94 
1 157 91 92 93 94 
1 158 91 92 93 94 
1 159 91 92 93 94 
1 160 91 92 93 94 
1 161 91 92 93 94 
1 162 91 92 93 94 
1 163 91 92 93 94 
1 164 91 92 93 94 
1 165 91 92 93 94 
1 166 91 92 93 94 
1 167 91 92 93 94 
1 168 91 92 93 94 
1 169 91 92 93 94 
1 170 91 92 93 94 
1 171 91 92 93 94 
1 172 91 92 93 94 
1 173 91 92 93 94 
1 174 91 92 93 94 
1 175 91 92 93 94 
1 176 91 92 93 94 
1 177 91 92 93 94 
1 178 91 92 93 94 
1 179 91 92 93 94 
1 180 91 92 93 94 
1 181 91 92 93 94 
1 182 91 92 93 94 
1 183 91 92 93 94 
1 184 91 92 93 94 
1 185 91 92 93 94 
1 186 91 92 93 94 
1 187 91 92 93 94 
1 188 91 92 93 94 
1 189 91 92 93 94 
1 190 91 92 93 94 
1 191 91 92 93 94 
1 192 91 92 93 94 
1 193 91 92 93 94 
1 194 91 92 93 94 
1 195 91 92 93 94 
1 196 91 92 93 94 
1 197 91 92 93 94 
1 198 91 92 93 94 
1 199 91 92 93 94 
1 200 91 92 93 94 
1 201 91 92 93 94 
1 202 91 92 93 94 
1 203 91 92 93 94 
1 204 91 92 93 94 
1 205 91 92 93 94 
1 206 91 92 93 94 
1 207 91 92 93 94 
1 208 91 92 93 
1 209 91 92 93 94 
1 210 91 92 93 94 
1 211 91 92 93 94 
1 212 91 92 93 94 
1 213 91 92 93 94 
1 214 91 92 93 94 
1 215 91 92 93 94 
1 216 91 92 93 94 
1 217 91 92 93 94 
1 218 91 92 93 94 
1 219 91 92 93 94 
1 220 91 92 93 94 
1 221 91 92 93 94 
1 222 91 92 93 
1 223 91 92 93 94 
1 224 91 92 93 94 
1 225 91 92 93 94 
1 226 91 92 93 94 
1 227 91 92 93 
1 228 91 92 93 94 
1 229 91 92 93 94 
1 230 91 92 93 94 
1 231 91 92 93 94 
1 232 91 92 93 94 
1 233 91 92 93 94 
1 234 91 92 93 94 
1 235 91 92 93 94 
1 236 91 92 93 94 
1 237 91 92 93 94 
1 238 91 92 93 
1 239 91 92 93 94 
1 240 91 92 93 94 
1 241 91 92 93 94 
1 242 91 92 93 94 
1 243 91 92 93 94 
1 244 91 92 93 94 
1 245 91 92 93 
1 246 91 92 93 94 
1 247 91 92 93 94 
1 248 91 92 93 94 
1 249 91 92 93 94 
1 250 91 92 93 94 
1 251 91 92 93 94 
1 252 91 92 93 94 
1 253 91 92 93 94 
1 254 91 92 93 
1 255 91 92 93 94 
1 256 91 92 93 94 
1 257 91 92 93 94 
1 258 91 92 93 94 
1 259 91 92 93 
1 260 91 92 93 94 
1 261 91 92 93 94 
1 262 91 92 93 94 
1 263 91 92 93 94 
1 264 91 92 93 94 
1 265 91 92 93 94 
1 266 91 92 93 94 
1 267 91 92 93 
1 268 91 92 93 94 
1 269 91 92 93 94 
1 270 91 92 93 94 
1 271 91 92 93 94 
1 272 91 92 93 94 
1 273 91 92 93 94 
1 274 91 92 93 94 
1 275 91 92 93 94 
1 276 91 92 93 94 
1 277 91 92 93 
1 278 91 92 93 94 
1 279 91 92 93 94 
1 280 91 92 93 94 
1 281 91 92 93 94 
1 282 91 92 93 94 
1 283 91 92 93 94 
1 284 91 92 93 94 
1 285 91 92 93 94 
1 286 91 92 93 94 
1 287 91 92 93 94 
1 288 91 92 93 94 
1 289 91 92 93 94 
1 290 91 92 93 
1 291 91 92 93 94 
1 292 91 92 93 94 
1 293 91 92 93 94 
1 294 91 92 93 94 
1 295 91 92 93 94 
1 296 91 92 93 94 
1 297 91 92 93 94 
1 298 91 92 93 94 
1 299 91 92 93 94 
1 300 91 92 93 
1 301 91 92 93 94 
1 302 91 92 93 94 
1 303 91 92 93 94 
1 304 91 92 93 94 
1 305 91 92 93 94 
1 306 91 92 93 94 
1 307 91 92 93 94 
1 308 91 92 93 94 
1 309 91 92 93 94 
1 310 91 92 93 94 
1 311 91 92 93 94 
1 312 91 92 93 94 
1 313 91 92 93 94 
1 314 91 92 93 94 
1 315 91 92 93 
1 316 91 92 93 94 
1 317 91 92 93 94 
1 318 91 92 93 94 
1 319 81 82 83 84 91 92 93 94 
1 320 91 92 93 94 
1 321 91 92 93 94 
1 322 91 92 93 94 
1 323 91 92 93 94 
1 324 91 92 93 94 
1 325 91 92 93 94 
1 326 91 92 93 94 
1 327 91 92 93 94 
1 328 91 92 93 94 
1 329 91 92 93 
1 330 91 92 93 94 
1 331 91 92 93 94 
1 332 91 92 93 94 
1 333 91 92 93 94 
1 334 91 92 93 94 
1 335 91 92 93 94 
1 336 91 92 93 94 
1 337 91 92 93 94 
1 338 91 92 93 94 
1 339 91 92 93 
1 340 91 92 93 94 
1 341 91 92 93 94 
1 342 91 92 93 94 
1 343 91 92 93 94 
1 344 91 92 93 94 
1 345 91 92 93 94 
1 346 91 92 93 94 
1 347 91 92 93 94 
1 348 91 92 93 
1 349 91 92 93 
1 350 91 92 93 94 
1 351 91 92 93 94 
1 352 91 92 93 94 
1 353 91 92 93 94 
1 354 91 92 93 94 
1 355 91 92 93 94 
1 356 91 92 93 94 
1 357 91 92 93 94 
1 358 91 92 93 94 
1 359 91 92 93 94 
1 360 91 92 93 94 
1 361 91 92 93 94 
1 362 91 92 93 94 
1 363 91 92 93 94 
1 364 91 92 93 94 
1 365 91 92 93 94 
1 366 91 92 93 94 
1 367 91 92 93 94 
1 368 91 92 93 94 
1 369 91 92 93 94 
1 370 91 92 93 94 
1 371 91 92 93 94 
1 372 91 92 93 94 
1 373 91 92 93 94 
1 374 91 92 93 94 
1 375 91 92 93 
1 376 91 92 93 94 
1 377 91 92 93 94 
1 378 91 92 93 94 
1 379 91 92 93 94 
1 380 91 92 93 
1 381 91 92 93 94 
1 382 91 92 93 94 
1 383 91 92 93 94 
1 384 91 92 93 94 
1 385 91 92 93 94 
1 386 91 92 93 94 
1 387 91 92 93 94 
1 388 91 92 93 94 
1 389 91 92 93 94 
1 390 91 92 93 94 
1 391 91 92 93 94 
1 392 91 92 93 94 
1 393 91 92 93 94 
1 394 91 92 93 94 
1 395 91 92 93 94 
1 396 91 92 93 94 
1 397 91 92 93 94 
1 398 91 92 93 94 
1 399 91 92 93 94 
1 400 91 92 93 94 
1 401 91 92 93 94 
1 402 91 92 93 94 
1 403 91 92 93 94 
1 404 91 92 93 94 
1 405 91 92 93 94 
1 406 91 92 93 94 
1 407 91 92 93 94 
1 408 91 92 93 94 
1 409 91 92 93 94 
1 410 91 92 93 94 
1 411 91 92 93 94 
1 412 91 92 93 94 
1 413 91 92 93 94 
1 414 91 92 93 94 
1 415 91 92 93 94 
1 416 91 92 93 94 
1 417 91 92 93 94 
1 418 91 92 93 94 
1 419 91 92 93 94 
1 420 91 92 93 
1 421 91 92 93 94 
1 422 91 92 93 94 
1 423 91 92 93 94 
1 424 91 92 93 94 
1 425 91 92 93 94 
1 426 91 92 93 94 
1 427 91 92 93 94 
1 428 91 92 93 94 
1 429 91 92 93 94 
1 430 91 92 93 94 
1 431 91 92 93 94 
1 432 91 92 93 94 
1 433 91 92 93 94 
1 434 91 92 93 94 
1 435 91 92 93 
1 436 91 92 93 94 
1 437 91 92 93 94 
1 438 91 92 93 94 
1 439 91 92 93 94 
1 440 91 92 93 94 
1 441 91 92 93 94 
1 442 91 92 93 94 
1 443 91 92 93 94 
1 444 91 92 93 94 
1 445 91 92 93 94 
1 446 91 92 93 94 
1 447 91 92 93 94 
1 448 91 92 93 
1 449 91 92 93 94 
1 450 91 92 93 94 
1 451 91 92 93 94 
1 452 91 92 93 94 
1 453 91 92 93 94 
1 454 91 92 93 94 
1 455 91 92 93 94 
1 456 91 92 93 94 
1 457 91 92 93 94 
1 458 91 92 93 94 
1 459 91 92 93 94 
1 460 91 92 93 94 
1 461 91 92 93 94 
1 462 91 92 93 94 
1 463 91 92 93 94 
1 464 91 92 93 94 
1 465 91 92 93 94 
1 466 91 92 93 94 
1 467 91 92 93 94 
1 468 91 92 93 94 
1 469 91 92 93 94 
1 470 91 92 93 94 
1 471 91 92 93 94 
1 472 91 92 93 94 
1 473 91 92 93 94 
1 474 91 92 93 
1 475 91 92 93 94 
1 476 91 92 93 94 
1 477 91 92 93 94 
1 478 91 92 93 94 
1 479 91 92 93 94 
1 480 91 92 93 
1 481 91 92 93 94 
1 482 91 92 93 94 
1 483 91 92 93 94 
1 484 91 92 93 94 
1 485 91 92 93 94 
1 486 91 92 93 94 
1 487 91 92 93 94 
1 488 91 92 93 94 
1 489 91 92 93 94 
1 490 91 92 93 94 
1 491 91 92 93 94 
1 492 91 92 93 94 
1 493 91 92 93 94 
1 494 91 92 93 94 
1 495 91 92 93 94 
1 496 91 92 93 94 
1 497 91 92 93 94 
1 498 91 92 93 94 
1 499 91 92 93 94 
1 500 91 92 93 
1 501 91 92 93 94 
1 502 91 92 93 94 
1 503 91 92 93 
1 504 91 92 93 94 
1 505 91 92 93 94 
1 506 91 92 93 94 
1 507 91 92 93 94 
1 508 91 92 93 94 
1 509 91 92 93 
1 510 91 92 93 94 
1 511 91 92 93 94 
1 512 91 92 93 94 
1 513 91 92 93 94 
1 514 91 92 93 94 
1 515 91 92 93 94 
1 516 91 92 93 94 
1 517 91 92 93 94 
1 518 91 92 93 94 
1 519 91 92 93 
1 520 91 92 93 94 
1 521 91 92 93 94 
1 522 91 92 93 94 
1 523 91 92 93 94 
1 524 91 92 93 94 
1 525 91 92 93 94 
1 526 91 92 93 94 
1 527 91 92 93 
1 528 91 92 93 
1 529 91 92 93 94 
1 530 91 92 93 94 
1 531 91 92 93 94 
1 532 91 92 93 94 
1 533 91 92 93 94 
1 534 91 92 93 94 
1 535 91 92 93 94 
1 536 91 92 93 94 
1 537 91 92 93 94 
1 538 91 92 93 94 
1 539 91 92 93 94 
1 540 91 92 93 94 
1 541 91 92 93 94 
1 542 91 92 93 
1 543 91 92 93 94 
1 544 91 92 93 94 
1 545 91 92 93 94 
1 546 91 92 93 94 
1 547 91 92 93 94 
1 548 91 92 93 94 
1 549 91 92 93 94 
1 550 91 92 93 94 
1 551 91 92 93 94 
1 552 91 92 93 94 
1 553 91 92 93 94 
1 554 91 92 93 94 
1 555 91 92 93 94 
1 556 91 92 93 94 
1 557 91 92 93 94 
1 558 91 92 93 94 
1 559 91 92 93 94 
1 560 91 92 93 94 
1 561 91 92 93 
1 562 91 92 93 94 
1 563 91 92 93 94 
1 564 91 92 93 94 
1 565 91 92 93 94 
1 566 91 92 93 94 
1 567 91 92 93 94 
1 568 91 92 93 94 
1 569 91 92 93 94 
1 570 91 92 93 94 
1 571 91 92 93 94 
1 572 91 92 93 94 
1 573 91 92 93 94 
1 574 91 92 93 94 
1 575 91 92 93 94 
1 576 91 92 93 94 
1 577 91 92 93 94 
1 578 91 92 93 94 
1 579 91 92 93 94 
1 580 91 92 93 94 
1 581 91 92 93 94 
1 582 91 92 93 94 
1 583 91 92 93 94 
1 584 91 92 93 94 
1 585 91 92 93 94 
1 586 91 92 93 94 
1 587 91 92 93 94 
1 588 91 92 93 94 
1 589 91 92 93 94 
1 590 91 92 93 94 
1 591 91 92 93 94 
1 592 91 92 93 94 
1 593 91 92 93 94 
1 594 91 92 93 94 
1 595 91 92 93 94 
1 596 91 92 93 94 
1 597 91 92 93 94 
1 598 91 92 93 94 
1 599 91 92 93 94 
1 600 91 92 93 94 
1 601 91 92 93 94 
1 602 91 92 93 94 
1 603 91 92 93 94 
1 604 91 92 93 94 
1 605 91 92 93 94 
1 606 91 92 93 94 
1 607 91 92 93 94 
1 608 91 92 93 94 
1 609 91 92 93 94 
1 610 91 92 93 94 
1 611 91 92 93 94 
1 612 91 92 93 94 
1 613 91 92 93 94 
1 614 91 92 93 94 
1 615 91 92 93 94 
1 616 91 92 93 94 
1 617 91 92 93 
1 618 91 92 93 94 
1 619 91 92 93 94 
1 620 91 92 93 
1 621 91 92 93 
1 622 91 92 93 94 
1 623 91 92 93 94 
1 624 91 92 93 94 
1 625 91 92 93 94 
1 626 91 92 93 94 
1 627 91 92 93 94 
1 628 91 92 93 94 
1 629 91 92 93 94 
1 630 91 92 93 94 
1 631 91 92 93 94 
1 632 91 92 93 94 
1 633 91 92 93 94 
1 634 91 92 93 94 
1 635 91 92 93 94 
1 636 91 92 93 94 
1 637 91 92 93 94 
1 638 91 92 93 
1 639 91 92 93 
1 640 91 92 93 94 
1 641 91 92 93 94 
1 642 91 92 93 94 
1 643 91 92 93 94 
1 644 91 92 93 94 
1 645 91 92 93 94 
1 646 91 92 93 94 
1 647 91 92 93 94 
1 648 91 92 93 94 
1 649 91 92 93 94 
1 650 91 92 93 94 
1 651 91 92 93 94 
1 652 91 92 93 94 
1 653 91 92 93 94 
1 654 91 92 93 94 
1 655 91 92 93 94 
1 656 91 92 93 94 
1 657 91 92 93 94 
1 658 91 92 93 
1 659 91 92 93 94 
1 660 91 92 93 94 
1 661 91 92 93 94 
1 662 91 92 93 94 
1 663 91 92 93 94 
1 664 91 92 93 94 
1 665 91 92 93 94 
1 666 91 92 93 94 
1 667 91 92 93 94 
1 668 91 92 93 94 
1 669 91 92 93 94 
1 670 91 92 93 94 
1 671 91 92 93 94 
1 672 91 92 93 94 
1 673 91 92 93 
1 674 91 92 93 94 
1 675 91 92 93 94 
1 676 91 92 93 94 
1 677 91 92 93 94 
1 678 91 92 93 94 
1 679 91 92 93 94 
1 680 91 92 93 94 
1 681 91 92 93 94 
1 682 91 92 93 94 
1 683 91 92 93 94 
1 684 91 92 93 94 
1 685 91 92 93 94 
1 686 91 92 93 94 
1 687 91 92 93 94 
1 688 91 92 93 94 
1 689 91 92 93 94 
1 690 91 92 93 94 
1 691 91 92 93 94 
1 692 91 92 93 
1 693 91 92 93 94 
1 694 91 92 93 94 
1 695 91 92 93 94 
1 696 91 92 93 94 
1 697 91 92 93 94 
1 698 91 92 93 94 
1 699 91 92 93 94 
1 700 91 92 93 94 
1 701 91 92 93 
1 702 91 92 93 94 
1 703 91 92 93 94 
1 704 91 92 93 94 
1 705 91 92 93 94 
1 706 91 92 93 
1 707 91 92 93 94 
1 708 91 92 93 94 
1 709 91 92 93 
1 710 91 92 93 94 
1 711 91 92 93 94 
1 712 91 92 93 94 
1 713 91 92 93 94 
1 714 91 92 93 94 
1 715 91 92 93 94 
1 716 91 92 93 94 
1 717 91 92 93 
1 718 91 92 93 94 
1 719 91 92 93 94 
1 720 91 92 93 94 
1 721 91 92 93 94 
1 722 91 92 93 94 
1 723 91 92 93 94 
1 724 91 92 93 94 
1 725 91 92 93 94 
1 726 91 92 93 
1 727 91 92 93 94 
1 728 91 92 93 94 
1 729 91 92 93 94 
1 730 91 92 93 94 
1 731 91 92 93 94 
1 732 91 92 93 
1 733 91 92 93 94 
1 734 91 92 93 
1 735 91 92 93 94 
1 736 91 92 93 94 
1 737 91 92 93 94 
1 738 91 92 93 94 
1 739 91 92 93 94 
1 740 91 92 93 94 
1 741 91 92 93 94 
1 742 91 92 93 94 
1 743 91 92 93 94 
1 744 91 92 93 94 
1 745 91 92 93 94 
1 746 91 92 93 94 
1 747 91 92 93 94 
1 748 91 92 93 94 
1 749 91 92 93 94 
1 750 91 92 93 94 
1 751 91 92 93 94 
1 752 91 92 93 94 
1 753 91 92 93 94 
1 754 91 92 93 
1 755 91 92 93 94 
1 756 91 92 93 94 
1 757 91 92 93 94 
1 758 91 92 93 94 
1 759 91 92 93 94 
1 760 91 92 93 94 
1 761 91 92 93 94 
1 762 91 92 93 94 
1 763 91 92 93 94 
1 764 91 92 93 94 
1 765 91 92 93 94 
1 766 91 92 93 94 
1 767 91 92 93 
1 768 91 92 93 94 
1 769 91 92 93 94 
1 770 91 92 93 94 
1 771 91 92 93 94 
1 772 91 92 93 94 
1 773 91 92 93 94 
1 774 91 92 93 
1 775 91 92 93 94 
1 776 91 92 93 94 
1 777 91 92 93 94 
1 778 91 92 93 94 
1 779 91 92 93 94 
1 780 91 92 93 94 
1 781 91 92 93 94 
1 782 91 92 93 94 
1 783 91 92 93 94 
1 784 91 92 93 94 
1 785 91 92 93 94 
1 786 91 92 93 94 
1 787 91 92 93 94 
1 788 91 92 93 94 
1 789 91 92 93 94 
1 790 91 92 93 94 
1 791 91 92 93 94 
1 792 91 92 93 94 
1 793 91 92 93 94 
1 794 91 92 93 94 
1 795 91 92 93 94 
1 796 91 92 93 
1 797 91 92 93 
1 798 91 92 93 94 
1 799 91 92 93 94 
1 800 91 92 93 94 
1 801 91 92 93 94 
1 802 91 92 93 
1 803 91 92 93 94 
1 804 91 92 93 94 
1 805 91 92 93 94 
1 806 91 92 93 94 
1 807 91 92 93 94 
1 808 91 92 93 94 
1 809 91 92 93 94 
1 810 91 92 93 94 
1 811 91 92 93 94 
1 812 91 92 93 94 
1 813 91 92 93 94 
1 814 91 92 93 94 
1 815 91 92 93 94 
1 816 91 92 93 94 
1 817 91 92 93 94 
1 818 91 92 93 94 
1 819 91 92 93 94 
1 820 91 92 93 94 
1 821 91 92 93 94 
1 822 91 92 93 94 
1 823 91 92 93 94 
1 824 91 92 93 94 
1 825 91 92 93 94 
1 826 91 92 93 94 
1 827 91 92 93 94 
1 828 91 92 93 94 
1 829 91 92 93 94 
1 830 91 92 93 94 
1 831 91 92 93 94 
1 832 91 92 93 94 
1 833 91 92 93 94 
1 834 91 92 93 94 
1 835 91 92 93 94 
1 836 91 92 93 94 
1 837 91 92 93 94 
1 838 91 92 93 94 
1 839 91 92 93 94 
1 840 91 92 93 94 
1 841 91 92 93 94 
1 842 91 92 93 94 
1 843 91 92 93 94 
1 844 91 92 93 
1 845 91 92 93 
1 846 91 92 93 94 
1 847 91 92 93 94 
1 848 91 92 93 94 
1 849 91 92 93 94 
1 850 91 92 93 94 
1 851 91 92 93 94 
1 852 91 92 93 94 
1 853 91 92 93 94 
1 854 91 92 93 94 
1 855 91 92 93 94 
1 856 91 92 93 94 
1 857 91 92 93 94 
1 858 91 92 93 94 
1 859 91 92 93 94 
1 860 91 92 93 
1 861 91 92 93 94 
1 862 91 92 93 94 
1 863 91 92 93 94 
1 864 91 92 93 94 
1 865 91 92 93 94 
1 866 91 92 93 94 
1 867 91 92 93 94 
1 868 91 92 93 94 
1 869 91 92 93 94 
1 870 91 92 93 
1 871 91 92 93 94 
1 872 91 92 93 
1 873 91 92 93 94 
1 874 91 92 93 94 
1 875 91 92 93 
1 876 91 92 93 94 
1 877 91 92 93 
1 878 91 92 93 94 
1 879 91 92 93 94 
1 880 91 92 93 
1 881 91 92 93 94 
1 882 91 92 93 94 
1 883 91 92 93 94 
1 884 91 92 93 94 
1 885 91 92 93 94 
1 886 91 92 93 94 
1 887 91 92 93 94 
1 888 91 92 93 94 
1 889 91 92 93 94 
1 890 91 92 93 94 
1 891 91 92 93 94 
1 892 91 92 93 94 
1 893 91 92 93 94 
1 894 91 92 93 94 
1 895 91 92 93 94 
1 896 91 92 93 94 
1 897 91 92 93 94 
1 898 91 92 93 94 
1 899 91 92 93 94 
1 900 91 92 93 94 
1 901 91 92 93 94 
1 902 91 92 93 94 
1 903 91 92 93 94 
1 904 91 92 93 94 
1 905 91 92 93 94 
1 906 91 92 93 94 
1 907 91 92 93 94 
1 908 91 92 93 94 
1 909 91 92 93 94 
1 910 91 92 93 94 
1 911 91 92 93 94 
1 912 91 92 93 94 
1 913 91 92 93 94 
1 914 91 92 93 
1 915 91 92 93 94 
1 916 91 92 93 
1 917 91 92 93 94 
1 918 91 92 93 94 
1 919 91 92 93 94 
1 920 91 92 93 94 
1 921 91 92 93 94 
1 922 91 92 93 94 
1 923 91 92 93 94 
1 924 91 92 93 94 
1 925 91 92 93 94 
1 926 91 92 93 94 
1 927 91 92 93 94 
1 928 91 92 93 94 
1 929 91 92 93 94 
1 930 91 92 93 
1 931 91 92 93 94 
1 932 91 92 93 94 
1 933 91 92 93 94 
1 934 91 92 93 94 
1 935 91 92 93 94 
1 936 91 92 93 
1 937 91 92 93 94 
1 938 91 92 93 94 
1 939 91 92 93 
1 940 91 92 93 94 
1 941 91 92 93 94 
1 942 91 92 93 94 
1 943 91 92 93 94 
1 944 91 92 93 94 
1 945 91 92 93 94 
1 946 91 92 93 94 
1 947 91 92 93 
1 948 91 92 93 94 
1 949 91 92 93 94 
1 950 91 92 93 94 
1 951 91 92 93 94 
1 952 91 92 93 
1 953 91 92 93 94 
1 954 91 92 93 94 
1 955 91 92 93 94 
1 956 91 92 93 94 
1 957 91 92 93 94 
1 958 91 92 93 94 
1 959 91 92 93 94 
1 960 91 92 93 
1 961 91 92 93 94 
1 962 91 92 93 94 
1 963 91 92 93 94 
1 964 91 92 93 94 
1 965 91 92 93 94 
1 966 91 92 93 94 
1 967 91 92 93 94 
1 968 91 92 93 94 
1 969 91 92 93 94 
1 970 91 92 93 
1 971 91 92 93 94 
1 972 91 92 93 94 
1 973 91 92 93 94 
1 974 91 92 93 94 
1 975 91 92 93 94 
1 976 91 92 93 94 
1 977 91 92 93 94 
1 978 91 92 93 94 
1 979 91 92 93 94 
1 980 91 92 93 94 
1 981 91 92 93 94 
1 982 91 92 93 94 
1 983 91 92 93 94 
1 984 91 92 93 94 
1 985 91 92 93 
1 986 91 92 93 94 
1 987 91 92 93 94 
1 988 91 92 93 94 
1 989 91 92 93 94 
1 990 91 92 93 94 
1 991 91 92 93 94 
1 992 91 92 93 94 
1 993 91 92 93 94 
1 994 91 92 93 
1 995 91 92 93 94 
1 996 91 92 93 94 
1 997 91 92 93 94 
1 998 91 92 93 94 
1 999 91 92 93 94 
