0 1 5 6 10 11 -1 7 8 12 13 17 18 22 23 -1 -2
0 1 5 6 10 11 -1 7 8 12 13 17 18 22 23 -1 -2
0 1 5 6 10 11 -1 7 8 12 13 17 18 22 23 -1 -2
0 1 5 6 10 11 -1 7 8 12 13 17 18 22 23 -1 -2
0 1 5 6 10 11 -1 7 8 12 13 17 18 22 23 -1 -2
0 1 5 6 10 11 -1 7 8 12 13 17 18 22 23 -1 -2
0 1 5 6 10 11 -1 7 8 12 13 17 18 22 23 -1 -2
0 1 5 6 10 11 -1 7 8 12 13 17 18 22 23 -1 -2
0 1 5 6 10 11 -1 7 8 12 13 17 18 22 23 -1 -2
0 1 5 6 10 11 -1 7 8 12 13 17 18 22 23 -1 -2
0 1 5 6 10 11 -1 7 8 12 13 17 18 22 23 -1 -2
0 1 5 6 10 11 -1 7 8 12 13 17 18 22 23 -1 -2
0 1 5 6 10 11 -1 7 8 12 13 17 18 22 23 -1 -2
0 1 5 6 10 11 -1 7 8 12 13 17 18 22 23 -1 -2
0 1 5 6 10 11 -1 7 8 12 13 17 18 22 23 -1 -2
0 1 5 6 10 11 -1 7 8 12 13 17 18 22 23 -1 -2
0 1 5 6 10 11 -1 7 8 12 13 17 18 22 23 -1 -2
0 1 5 6 10 11 -1 7 8 12 13 17 18 22 23 -1 -2
0 1 5 6 10 11 -1 7 8 12 13 17 18 22 23 -1 -2
0 1 5 6 10 11 -1 7 8 12 13 17 18 22 23 -1 -2
0 1 5 6 10 11 -1 7 8 12 13 17 18 22 23 -1 -2
0 1 5 6 10 11 -1 7 8 12 13 17 18 22 23 -1 -2
0 1 5 6 10 11 -1 7 8 12 13 17 18 22 23 -1 -2
0 1 5 6 10 11 -1 7 8 12 13 17 18 22 23 -1 -2
0 1 5 6 10 11 -1 7 8 12 13 17 18 22 23 -1 -2
