1 0 95 96 97 98 99 
1 1 95 96 97 98 99 
1 2 95 96 97 98 99 
1 3 95 96 97 98 99 
1 4 95 96 97 98 99 
1 5 95 96 97 98 99 
1 6 95 96 97 98 99 
1 7 95 96 97 98 99 
1 8 95 96 97 98 99 
1 9 95 96 97 98 99 
1 10 95 96 97 98 99 
1 11 95 96 97 98 99 
1 12 95 96 97 98 99 
1 13 95 96 97 98 99 
1 14 95 96 97 98 99 
1 15 95 96 97 98 99 
1 16 95 96 97 98 99 
1 17 95 96 97 98 99 
1 18 95 96 97 98 99 
1 19 95 96 97 98 99 
1 20 95 96 97 98 99 
1 21 95 96 97 98 99 
1 22 95 96 97 98 99 
1 23 95 96 97 98 99 
1 24 95 96 97 98 99 
1 25 95 96 97 98 99 
1 26 95 96 97 98 99 
1 27 95 96 97 98 99 
1 28 95 96 97 98 99 
1 29 95 96 97 98 99 
1 30 95 96 97 98 99 
1 31 95 96 97 98 99 
1 32 95 96 97 98 99 
1 33 95 96 97 98 99 
1 34 95 96 97 98 99 
1 35 95 96 97 98 99 
1 36 95 96 97 98 99 
1 37 95 96 97 98 99 
1 38 95 96 97 98 99 
1 39 95 96 97 98 99 
1 40 95 96 97 98 99 
1 41 95 96 97 98 99 
1 42 95 96 97 98 99 
1 43 95 96 97 98 99 
1 44 95 96 97 98 99 
1 45 95 96 97 98 99 
1 46 95 96 97 98 99 
1 47 95 96 97 98 99 
1 48 95 96 97 98 99 
1 49 95 96 97 98 99 
1 50 95 96 97 98 99 
1 51 95 96 97 98 99 
1 52 95 96 97 98 99 
1 53 95 96 97 98 99 
1 54 95 96 97 98 99 
1 55 95 96 97 98 99 
1 56 95 96 97 98 99 
1 57 95 96 97 98 99 
1 58 95 96 97 98 99 
1 59 95 96 97 98 99 
1 60 95 96 97 98 99 
1 61 95 96 97 98 99 
1 62 95 96 97 98 99 
1 63 95 96 97 98 99 
1 64 95 96 97 98 99 
1 65 95 96 97 98 99 
1 66 95 96 97 98 99 
1 67 95 96 97 98 99 
1 68 95 96 97 98 99 
1 69 95 96 97 98 99 
1 70 95 96 97 98 99 
1 71 95 96 97 98 99 
1 72 95 96 97 98 99 
1 73 95 96 97 98 99 
1 74 95 96 97 98 99 
1 75 95 96 97 98 99 
1 76 95 96 97 98 99 
1 77 95 96 97 98 99 
1 78 95 96 97 98 99 
1 79 95 96 97 98 99 
1 80 95 96 97 98 99 
1 81 95 96 97 98 99 
1 82 95 96 97 98 99 
1 83 95 96 97 98 99 
1 84 95 96 97 98 99 
1 85 95 96 97 98 99 
1 86 95 96 97 98 99 
1 87 95 96 97 98 99 
1 88 95 96 97 98 99 
1 89 95 96 97 98 99 
1 90 95 96 97 98 99 
1 91 95 96 97 98 99 
1 92 95 96 97 98 99 
1 93 95 96 97 98 99 
1 94 95 96 97 98 99 
1 95 95 96 97 98 99 
1 96 95 96 97 98 99 
1 97 95 96 97 98 99 
1 98 95 96 97 98 99 
1 99 95 96 97 98 99 
1 100 95 96 97 98 99 
1 101 95 96 97 98 99 
1 102 95 96 97 98 99 
1 103 95 96 97 98 99 
1 104 95 96 97 98 99 
1 105 95 96 97 98 99 
1 106 95 96 97 98 99 
1 107 95 96 97 98 99 
1 108 95 96 97 98 99 
1 109 95 96 97 98 99 
1 110 95 96 97 98 99 
1 111 95 96 97 98 99 
1 112 95 96 97 98 99 
1 113 95 96 97 98 99 
1 114 95 96 97 98 99 
1 115 95 96 97 98 99 
1 116 95 96 97 98 99 
1 117 95 96 97 98 99 
1 118 95 96 97 98 99 
1 119 95 96 97 98 99 
1 120 95 96 97 98 99 
1 121 95 96 97 98 99 
1 122 95 96 97 98 99 
1 123 95 96 97 98 99 
1 124 95 96 97 98 99 
1 125 95 96 97 98 99 
1 126 95 96 97 98 99 
1 127 95 96 97 98 99 
1 128 95 96 97 98 99 
1 129 95 96 97 98 99 
1 130 95 96 97 98 99 
1 131 95 96 97 98 99 
1 132 95 96 97 98 99 
1 133 95 96 97 98 99 
1 134 95 96 97 98 99 
1 135 95 96 97 98 99 
1 136 95 96 97 98 99 
1 137 95 96 97 98 99 
1 138 95 96 97 98 99 
1 139 95 96 97 98 99 
1 140 95 96 97 98 99 
1 141 95 96 97 98 99 
1 142 95 96 97 98 99 
1 143 95 96 97 98 99 
1 144 95 96 97 98 99 
1 145 95 96 97 98 99 
1 146 95 96 97 98 99 
1 147 95 96 97 98 99 
1 148 95 96 97 98 99 
1 149 95 96 97 98 99 
1 150 95 96 97 98 99 
1 151 95 96 97 98 99 
1 152 95 96 97 98 99 
1 153 95 96 97 98 99 
1 154 95 96 97 98 99 
1 155 95 96 97 98 99 
1 156 95 96 97 98 99 
1 157 95 96 97 98 99 
1 158 95 96 97 98 99 
1 159 95 96 97 98 99 
1 160 95 96 97 98 99 
1 161 95 96 97 98 99 
1 162 95 96 97 98 99 
1 163 95 96 97 98 99 
1 164 95 96 97 98 99 
1 165 95 96 97 98 99 
1 166 95 96 97 98 99 
1 167 95 96 97 98 99 
1 168 95 96 97 98 99 
1 169 95 96 97 98 99 
1 170 95 96 97 98 99 
1 171 95 96 97 98 99 
1 172 95 96 97 98 99 
1 173 95 96 97 98 99 
1 174 95 96 97 98 99 
1 175 95 96 97 98 99 
1 176 95 96 97 98 99 
1 177 95 96 97 98 99 
1 178 95 96 97 98 99 
1 179 95 96 97 98 99 
1 180 95 96 97 98 99 
1 181 95 96 97 98 99 
1 182 95 96 97 98 99 
1 183 95 96 97 98 99 
1 184 95 96 97 98 99 
1 185 95 96 97 98 99 
1 186 95 96 97 98 99 
1 187 95 96 97 98 99 
1 188 95 96 97 98 99 
1 189 95 96 97 98 99 
1 190 95 96 97 98 99 
1 191 95 96 97 98 99 
1 192 95 96 97 98 99 
1 193 95 96 97 98 99 
1 194 95 96 97 98 99 
1 195 95 96 97 98 99 
1 196 95 96 97 98 99 
1 197 95 96 97 98 99 
1 198 95 96 97 98 99 
1 199 95 96 97 98 99 
1 200 95 96 97 98 99 
1 201 95 96 97 98 99 
1 202 95 96 97 98 99 
1 203 95 96 97 98 99 
1 204 95 96 97 98 99 
1 205 95 96 97 98 99 
1 206 95 96 97 98 99 
1 207 95 96 97 98 99 
1 208 95 96 97 98 99 
1 209 95 96 97 98 99 
1 210 95 96 97 98 99 
1 211 95 96 97 98 99 
1 212 95 96 97 98 99 
1 213 95 96 97 98 99 
1 214 95 96 97 98 99 
1 215 95 96 97 98 99 
1 216 95 96 97 98 99 
1 217 95 96 97 98 99 
1 218 95 96 97 98 99 
1 219 95 96 97 98 99 
1 220 95 96 97 98 99 
1 221 95 96 97 98 99 
1 222 95 96 97 98 99 
1 223 95 96 97 98 99 
1 224 95 96 97 98 99 
1 225 95 96 97 98 99 
1 226 95 96 97 98 99 
1 227 95 96 97 98 99 
1 228 95 96 97 98 99 
1 229 95 96 97 98 99 
1 230 95 96 97 98 99 
1 231 95 96 97 98 99 
1 232 95 96 97 98 99 
1 233 95 96 97 98 99 
1 234 95 96 97 98 99 
1 235 95 96 97 98 99 
1 236 95 96 97 98 99 
1 237 95 96 97 98 99 
1 238 95 96 97 98 99 
1 239 95 96 97 98 99 
1 240 95 96 97 98 99 
1 241 95 96 97 98 99 
1 242 95 96 97 98 99 
1 243 95 96 97 98 99 
1 244 95 96 97 98 99 
1 245 95 96 97 98 99 
1 246 95 96 97 98 99 
1 247 95 96 97 98 99 
1 248 95 96 97 98 99 
1 249 95 96 97 98 99 
1 250 95 96 97 98 99 
1 251 95 96 97 98 99 
1 252 95 96 97 98 99 
1 253 95 96 97 98 99 
1 254 95 96 97 98 99 
1 255 95 96 97 98 99 
1 256 95 96 97 98 99 
1 257 95 96 97 98 99 
1 258 95 96 97 98 99 
1 259 95 96 97 98 99 
1 260 95 96 97 98 99 
1 261 95 96 97 98 99 
1 262 95 96 97 98 99 
1 263 95 96 97 98 99 
1 264 95 96 97 98 99 
1 265 95 96 97 98 99 
1 266 95 96 97 98 99 
1 267 95 96 97 98 99 
1 268 95 96 97 98 99 
1 269 95 96 97 98 99 
1 270 95 96 97 98 99 
1 271 95 96 97 98 99 
1 272 95 96 97 98 99 
1 273 95 96 97 98 99 
1 274 95 96 97 98 99 
1 275 95 96 97 98 99 
1 276 95 96 97 98 99 
1 277 95 96 97 98 99 
1 278 95 96 97 98 99 
1 279 95 96 97 98 99 
1 280 95 96 97 98 99 
1 281 95 96 97 98 99 
1 282 95 96 97 98 99 
1 283 95 96 97 98 99 
1 284 95 96 97 98 99 
1 285 95 96 97 98 99 
1 286 95 96 97 98 99 
1 287 95 96 97 98 99 
1 288 95 96 97 98 99 
1 289 95 96 97 98 99 
1 290 95 96 97 98 99 
1 291 95 96 97 98 99 
1 292 95 96 97 98 99 
1 293 95 96 97 98 99 
1 294 95 96 97 98 99 
1 295 95 96 97 98 99 
1 296 95 96 97 98 99 
1 297 95 96 97 98 99 
1 298 95 96 97 98 99 
1 299 95 96 97 98 99 
1 300 95 96 97 98 99 
1 301 95 96 97 98 99 
1 302 95 96 97 98 99 
1 303 95 96 97 98 99 
1 304 95 96 97 98 99 
1 305 95 96 97 98 99 
1 306 95 96 97 98 99 
1 307 95 96 97 98 99 
1 308 95 96 97 98 99 
1 309 95 96 97 98 99 
1 310 95 96 97 98 99 
1 311 95 96 97 98 99 
1 312 95 96 97 98 99 
1 313 95 96 97 98 99 
1 314 95 96 97 98 99 
1 315 95 96 97 98 99 
1 316 95 96 97 98 99 
1 317 95 96 97 98 99 
1 318 95 96 97 98 99 
1 319 95 96 97 98 99 
1 320 95 96 97 98 99 
1 321 95 96 97 98 99 
1 322 95 96 97 98 99 
1 323 95 96 97 98 99 
1 324 95 96 97 98 99 
1 325 95 96 97 98 99 
1 326 95 96 97 98 99 
1 327 95 96 97 98 99 
1 328 95 96 97 98 99 
1 329 95 96 97 98 99 
1 330 95 96 97 98 99 
1 331 95 96 97 98 99 
1 332 95 96 97 98 99 
1 333 95 96 97 98 99 
1 334 95 96 97 98 99 
1 335 95 96 97 98 99 
1 336 95 96 97 98 99 
1 337 95 96 97 98 99 
1 338 95 96 97 98 99 
1 339 95 96 97 98 99 
1 340 95 96 97 98 99 
1 341 95 96 97 98 99 
1 342 95 96 97 98 99 
1 343 95 96 97 98 99 
1 344 95 96 97 98 99 
1 345 95 96 97 98 99 
1 346 95 96 97 98 99 
1 347 95 96 97 98 99 
1 348 95 96 97 98 99 
1 349 95 96 97 98 99 
1 350 95 96 97 98 99 
1 351 95 96 97 98 99 
1 352 95 96 97 98 99 
1 353 95 96 97 98 99 
1 354 95 96 97 98 99 
1 355 95 96 97 98 99 
1 356 95 96 97 98 99 
1 357 95 96 97 98 99 
1 358 95 96 97 98 99 
1 359 95 96 97 98 99 
1 360 95 96 97 98 99 
1 361 95 96 97 98 99 
1 362 95 96 97 98 99 
1 363 95 96 97 98 99 
1 364 95 96 97 98 99 
1 365 95 96 97 98 99 
1 366 95 96 97 98 99 
1 367 95 96 97 98 99 
1 368 95 96 97 98 99 
1 369 95 96 97 98 99 
1 370 95 96 97 98 99 
1 371 95 96 97 98 99 
1 372 95 96 97 98 99 
1 373 95 96 97 98 99 
1 374 95 96 97 98 99 
1 375 95 96 97 98 99 
1 376 95 96 97 98 99 
1 377 95 96 97 98 99 
1 378 95 96 97 98 99 
1 379 95 96 97 98 99 
1 380 95 96 97 98 99 
1 381 95 96 97 98 99 
1 382 95 96 97 98 99 
1 383 95 96 97 98 99 
1 384 95 96 97 98 99 
1 385 95 96 97 98 99 
1 386 95 96 97 98 99 
1 387 95 96 97 98 99 
1 388 95 96 97 98 99 
1 389 95 96 97 98 99 
1 390 95 96 97 98 99 
1 391 95 96 97 98 99 
1 392 95 96 97 98 99 
1 393 95 96 97 98 99 
1 394 95 96 97 98 99 
1 395 95 96 97 98 99 
1 396 95 96 97 98 99 
1 397 95 96 97 98 99 
1 398 95 96 97 98 99 
1 399 95 96 97 98 99 
1 400 95 96 97 98 99 
1 401 95 96 97 98 99 
1 402 95 96 97 98 99 
1 403 95 96 97 98 99 
1 404 95 96 97 98 99 
1 405 95 96 97 98 99 
1 406 95 96 97 98 99 
1 407 95 96 97 98 99 
1 408 95 96 97 98 99 
1 409 95 96 97 98 99 
1 410 95 96 97 98 99 
1 411 95 96 97 98 99 
1 412 95 96 97 98 99 
1 413 95 96 97 98 99 
1 414 95 96 97 98 99 
1 415 95 96 97 98 99 
1 416 95 96 97 98 99 
1 417 95 96 97 98 99 
1 418 95 96 97 98 99 
1 419 95 96 97 98 99 
1 420 95 96 97 98 99 
1 421 95 96 97 98 99 
1 422 95 96 97 98 99 
1 423 95 96 97 98 99 
1 424 95 96 97 98 99 
1 425 95 96 97 98 99 
1 426 95 96 97 98 99 
1 427 95 96 97 98 99 
1 428 95 96 97 98 99 
1 429 95 96 97 98 99 
1 430 95 96 97 98 99 
1 431 95 96 97 98 99 
1 432 95 96 97 98 99 
1 433 95 96 97 98 99 
1 434 95 96 97 98 99 
1 435 95 96 97 98 99 
1 436 95 96 97 98 99 
1 437 95 96 97 98 99 
1 438 95 96 97 98 99 
1 439 95 96 97 98 99 
1 440 95 96 97 98 99 
1 441 95 96 97 98 99 
1 442 95 96 97 98 99 
1 443 95 96 97 98 99 
1 444 95 96 97 98 99 
1 445 95 96 97 98 99 
1 446 95 96 97 98 99 
1 447 95 96 97 98 99 
1 448 95 96 97 98 99 
1 449 95 96 97 98 99 
1 450 95 96 97 98 99 
1 451 95 96 97 98 99 
1 452 95 96 97 98 99 
1 453 95 96 97 98 99 
1 454 95 96 97 98 99 
1 455 95 96 97 98 99 
1 456 95 96 97 98 99 
1 457 95 96 97 98 99 
1 458 95 96 97 98 99 
1 459 95 96 97 98 99 
1 460 95 96 97 98 99 
1 461 95 96 97 98 99 
1 462 95 96 97 98 99 
1 463 95 96 97 98 99 
1 464 95 96 97 98 99 
1 465 95 96 97 98 99 
1 466 95 96 97 98 99 
1 467 95 96 97 98 99 
1 468 95 96 97 98 99 
1 469 95 96 97 98 99 
1 470 95 96 97 98 99 
1 471 95 96 97 98 99 
1 472 95 96 97 98 99 
1 473 95 96 97 98 99 
1 474 95 96 97 98 99 
1 475 95 96 97 98 99 
1 476 95 96 97 98 99 
1 477 95 96 97 98 99 
1 478 95 96 97 98 99 
1 479 95 96 97 98 99 
1 480 95 96 97 98 99 
1 481 95 96 97 98 99 
1 482 95 96 97 98 99 
1 483 95 96 97 98 99 
1 484 95 96 97 98 99 
1 485 95 96 97 98 99 
1 486 95 96 97 98 99 
1 487 95 96 97 98 99 
1 488 95 96 97 98 99 
1 489 95 96 97 98 99 
1 490 95 96 97 98 99 
1 491 95 96 97 98 99 
1 492 95 96 97 98 99 
1 493 95 96 97 98 99 
1 494 95 96 97 98 99 
1 495 95 96 97 98 99 
1 496 95 96 97 98 99 
1 497 95 96 97 98 99 
1 498 95 96 97 98 99 
1 499 95 96 97 98 99 
1 500 95 96 97 98 99 
1 501 95 96 97 98 99 
1 502 95 96 97 98 99 
1 503 95 96 97 98 99 
1 504 95 96 97 98 99 
1 505 95 96 97 98 99 
1 506 95 96 97 98 99 
1 507 95 96 97 98 99 
1 508 95 96 97 98 99 
1 509 95 96 97 98 99 
1 510 95 96 97 98 99 
1 511 95 96 97 98 99 
1 512 95 96 97 98 99 
1 513 95 96 97 98 99 
1 514 95 96 97 98 99 
1 515 95 96 97 98 99 
1 516 95 96 97 98 99 
1 517 95 96 97 98 99 
1 518 95 96 97 98 99 
1 519 95 96 97 98 99 
1 520 95 96 97 98 99 
1 521 95 96 97 98 99 
1 522 95 96 97 98 99 
1 523 95 96 97 98 99 
1 524 95 96 97 98 99 
1 525 95 96 97 98 99 
1 526 95 96 97 98 99 
1 527 95 96 97 98 99 
1 528 95 96 97 98 99 
1 529 95 96 97 98 99 
1 530 95 96 97 98 99 
1 531 95 96 97 98 99 
1 532 95 96 97 98 99 
1 533 95 96 97 98 99 
1 534 95 96 97 98 99 
1 535 95 96 97 98 99 
1 536 95 96 97 98 99 
1 537 95 96 97 98 99 
1 538 95 96 97 98 99 
1 539 95 96 97 98 99 
1 540 95 96 97 98 99 
1 541 95 96 97 98 99 
1 542 95 96 97 98 99 
1 543 95 96 97 98 99 
1 544 95 96 97 98 99 
1 545 95 96 97 98 99 
1 546 95 96 97 98 99 
1 547 95 96 97 98 99 
1 548 95 96 97 98 99 
1 549 95 96 97 98 99 
1 550 95 96 97 98 99 
1 551 95 96 97 98 99 
1 552 95 96 97 98 99 
1 553 95 96 97 98 99 
1 554 95 96 97 98 99 
1 555 95 96 97 98 99 
1 556 95 96 97 98 99 
1 557 95 96 97 98 99 
1 558 95 96 97 98 99 
1 559 95 96 97 98 99 
1 560 95 96 97 98 99 
1 561 95 96 97 98 99 
1 562 95 96 97 98 99 
1 563 95 96 97 98 99 
1 564 95 96 97 98 99 
1 565 95 96 97 98 99 
1 566 95 96 97 98 99 
1 567 95 96 97 98 99 
1 568 95 96 97 98 99 
1 569 95 96 97 98 99 
1 570 95 96 97 98 99 
1 571 95 96 97 98 99 
1 572 95 96 97 98 99 
1 573 95 96 97 98 99 
1 574 95 96 97 98 99 
1 575 95 96 97 98 99 
1 576 95 96 97 98 99 
1 577 95 96 97 98 99 
1 578 95 96 97 98 99 
1 579 95 96 97 98 99 
1 580 95 96 97 98 99 
1 581 95 96 97 98 99 
1 582 95 96 97 98 99 
1 583 95 96 97 98 99 
1 584 95 96 97 98 99 
1 585 95 96 97 98 99 
1 586 95 96 97 98 99 
1 587 95 96 97 98 99 
1 588 95 96 97 98 99 
1 589 95 96 97 98 99 
1 590 95 96 97 98 99 
1 591 95 96 97 98 99 
1 592 95 96 97 98 99 
1 593 95 96 97 98 99 
1 594 95 96 97 98 99 
1 595 95 96 97 98 99 
1 596 95 96 97 98 99 
1 597 95 96 97 98 99 
1 598 95 96 97 98 99 
1 599 95 96 97 98 99 
1 600 95 96 97 98 99 
1 601 95 96 97 98 99 
1 602 95 96 97 98 99 
1 603 95 96 97 98 99 
1 604 95 96 97 98 99 
1 605 95 96 97 98 99 
1 606 95 96 97 98 99 
1 607 95 96 97 98 99 
1 608 95 96 97 98 99 
1 609 95 96 97 98 99 
1 610 95 96 97 98 99 
1 611 95 96 97 98 99 
1 612 95 96 97 98 99 
1 613 95 96 97 98 99 
1 614 95 96 97 98 99 
1 615 95 96 97 98 99 
1 616 95 96 97 98 99 
1 617 95 96 97 98 99 
1 618 95 96 97 98 99 
1 619 95 96 97 98 99 
1 620 95 96 97 98 99 
1 621 95 96 97 98 99 
1 622 95 96 97 98 99 
1 623 95 96 97 98 99 
1 624 95 96 97 98 99 
1 625 95 96 97 98 99 
1 626 95 96 97 98 99 
1 627 95 96 97 98 99 
1 628 95 96 97 98 99 
1 629 95 96 97 98 99 
1 630 95 96 97 98 99 
1 631 95 96 97 98 99 
1 632 95 96 97 98 99 
1 633 95 96 97 98 99 
1 634 85 86 87 88 89 95 96 97 98 99 
1 635 95 96 97 98 99 
1 636 95 96 97 98 99 
1 637 95 96 97 98 99 
1 638 95 96 97 98 99 
1 639 95 96 97 98 99 
1 640 95 96 97 98 99 
1 641 95 96 97 98 99 
1 642 95 96 97 98 99 
1 643 95 96 97 98 99 
1 644 95 96 97 98 99 
1 645 95 96 97 98 99 
1 646 95 96 97 98 99 
1 647 95 96 97 98 99 
1 648 95 96 97 98 99 
1 649 95 96 97 98 99 
1 650 95 96 97 98 99 
1 651 95 96 97 98 99 
1 652 95 96 97 98 99 
1 653 95 96 97 98 99 
1 654 95 96 97 98 99 
1 655 95 96 97 98 99 
1 656 95 96 97 98 99 
1 657 95 96 97 98 99 
1 658 95 96 97 98 99 
1 659 95 96 97 98 99 
1 660 95 96 97 98 99 
1 661 95 96 97 98 99 
1 662 95 96 97 98 99 
1 663 95 96 97 98 99 
1 664 95 96 97 98 99 
1 665 95 96 97 98 99 
1 666 95 96 97 98 99 
1 667 95 96 97 98 99 
1 668 95 96 97 98 99 
1 669 95 96 97 98 99 
1 670 95 96 97 98 99 
1 671 95 96 97 98 99 
1 672 95 96 97 98 99 
1 673 95 96 97 98 99 
1 674 95 96 97 98 99 
1 675 95 96 97 98 99 
1 676 95 96 97 98 99 
1 677 95 96 97 98 99 
1 678 95 96 97 98 99 
1 679 95 96 97 98 99 
1 680 95 96 97 98 99 
1 681 95 96 97 98 99 
1 682 95 96 97 98 99 
1 683 95 96 97 98 99 
1 684 95 96 97 98 99 
1 685 95 96 97 98 99 
1 686 95 96 97 98 99 
1 687 95 96 97 98 99 
1 688 95 96 97 98 99 
1 689 95 96 97 98 99 
1 690 95 96 97 98 99 
1 691 95 96 97 98 99 
1 692 95 96 97 98 99 
1 693 95 96 97 98 99 
1 694 95 96 97 98 99 
1 695 95 96 97 98 99 
1 696 95 96 97 98 99 
1 697 95 96 97 98 99 
1 698 95 96 97 98 99 
1 699 95 96 97 98 99 
1 700 95 96 97 98 99 
1 701 95 96 97 98 99 
1 702 95 96 97 98 99 
1 703 95 96 97 98 99 
1 704 95 96 97 98 99 
1 705 95 96 97 98 99 
1 706 95 96 97 98 99 
1 707 95 96 97 98 99 
1 708 95 96 97 98 99 
1 709 95 96 97 98 99 
1 710 95 96 97 98 99 
1 711 95 96 97 98 99 
1 712 95 96 97 98 99 
1 713 95 96 97 98 99 
1 714 95 96 97 98 99 
1 715 95 96 97 98 99 
1 716 95 96 97 98 99 
1 717 95 96 97 98 99 
1 718 95 96 97 98 99 
1 719 95 96 97 98 99 
1 720 95 96 97 98 99 
1 721 95 96 97 98 99 
1 722 95 96 97 98 99 
1 723 95 96 97 98 99 
1 724 95 96 97 98 99 
1 725 95 96 97 98 99 
1 726 95 96 97 98 99 
1 727 95 96 97 98 99 
1 728 95 96 97 98 99 
1 729 95 96 97 98 99 
1 730 95 96 97 98 99 
1 731 95 96 97 98 99 
1 732 95 96 97 98 99 
1 733 95 96 97 98 99 
1 734 95 96 97 98 99 
1 735 95 96 97 98 99 
1 736 95 96 97 98 99 
1 737 95 96 97 98 99 
1 738 95 96 97 98 99 
1 739 95 96 97 98 99 
1 740 95 96 97 98 99 
1 741 95 96 97 98 99 
1 742 95 96 97 98 99 
1 743 95 96 97 98 99 
1 744 95 96 97 98 99 
1 745 95 96 97 98 99 
1 746 95 96 97 98 99 
1 747 95 96 97 98 99 
1 748 95 96 97 98 99 
1 749 95 96 97 98 99 
1 750 95 96 97 98 99 
1 751 95 96 97 98 99 
1 752 95 96 97 98 99 
1 753 95 96 97 98 99 
1 754 95 96 97 98 99 
1 755 95 96 97 98 99 
1 756 95 96 97 98 99 
1 757 95 96 97 98 99 
1 758 95 96 97 98 99 
1 759 95 96 97 98 99 
1 760 95 96 97 98 99 
1 761 95 96 97 98 99 
1 762 95 96 97 98 99 
1 763 95 96 97 98 99 
1 764 95 96 97 98 99 
1 765 95 96 97 98 99 
1 766 95 96 97 98 99 
1 767 95 96 97 98 99 
1 768 95 96 97 98 99 
1 769 95 96 97 98 99 
1 770 95 96 97 98 99 
1 771 95 96 97 98 99 
1 772 95 96 97 98 99 
1 773 95 96 97 98 99 
1 774 95 96 97 98 99 
1 775 95 96 97 98 99 
1 776 95 96 97 98 99 
1 777 95 96 97 98 99 
1 778 95 96 97 98 99 
1 779 95 96 97 98 99 
1 780 95 96 97 98 99 
1 781 95 96 97 98 99 
1 782 95 96 97 98 99 
1 783 95 96 97 98 99 
1 784 95 96 97 98 99 
1 785 95 96 97 98 99 
1 786 95 96 97 98 99 
1 787 95 96 97 98 99 
1 788 95 96 97 98 99 
1 789 95 96 97 98 99 
1 790 95 96 97 98 99 
1 791 95 96 97 98 99 
1 792 95 96 97 98 99 
1 793 95 96 97 98 99 
1 794 95 96 97 98 99 
1 795 95 96 97 98 99 
1 796 95 96 97 98 99 
1 797 95 96 97 98 99 
1 798 95 96 97 98 99 
1 799 95 96 97 98 99 
1 800 95 96 97 98 99 
1 801 95 96 97 98 99 
1 802 95 96 97 98 99 
1 803 95 96 97 98 99 
1 804 95 96 97 98 99 
1 805 95 96 97 98 99 
1 806 95 96 97 98 99 
1 807 95 96 97 98 99 
1 808 95 96 97 98 99 
1 809 95 96 97 98 99 
1 810 95 96 97 98 99 
1 811 95 96 97 98 99 
1 812 95 96 97 98 99 
1 813 95 96 97 98 99 
1 814 95 96 97 98 99 
1 815 95 96 97 98 99 
1 816 95 96 97 98 99 
1 817 95 96 97 98 99 
1 818 95 96 97 98 99 
1 819 95 96 97 98 99 
1 820 95 96 97 98 99 
1 821 95 96 97 98 99 
1 822 95 96 97 98 99 
1 823 95 96 97 98 99 
1 824 95 96 97 98 99 
1 825 95 96 97 98 99 
1 826 95 96 97 98 99 
1 827 95 96 97 98 99 
1 828 95 96 97 98 99 
1 829 95 96 97 98 99 
1 830 95 96 97 98 99 
1 831 95 96 97 98 99 
1 832 95 96 97 98 99 
1 833 95 96 97 98 99 
1 834 95 96 97 98 99 
1 835 95 96 97 98 99 
1 836 95 96 97 98 99 
1 837 95 96 97 98 99 
1 838 95 96 97 98 99 
1 839 95 96 97 98 99 
1 840 95 96 97 98 99 
1 841 95 96 97 98 99 
1 842 95 96 97 98 99 
1 843 95 96 97 98 99 
1 844 95 96 97 98 99 
1 845 95 96 97 98 99 
1 846 95 96 97 98 99 
1 847 95 96 97 98 99 
1 848 95 96 97 98 99 
1 849 95 96 97 98 99 
1 850 95 96 97 98 99 
1 851 95 96 97 98 99 
1 852 95 96 97 98 99 
1 853 95 96 97 98 99 
1 854 95 96 97 98 99 
1 855 95 96 97 98 99 
1 856 95 96 97 98 99 
1 857 95 96 97 98 99 
1 858 95 96 97 98 99 
1 859 95 96 97 98 99 
1 860 95 96 97 98 99 
1 861 95 96 97 98 99 
1 862 95 96 97 98 99 
1 863 95 96 97 98 99 
1 864 95 96 97 98 99 
1 865 95 96 97 98 99 
1 866 95 96 97 98 99 
1 867 95 96 97 98 99 
1 868 95 96 97 98 99 
1 869 95 96 97 98 99 
1 870 95 96 97 98 99 
1 871 95 96 97 98 99 
1 872 95 96 97 98 99 
1 873 95 96 97 98 99 
1 874 95 96 97 98 99 
1 875 95 96 97 98 99 
1 876 95 96 97 98 99 
1 877 95 96 97 98 99 
1 878 95 96 97 98 99 
1 879 95 96 97 98 99 
1 880 95 96 97 98 99 
1 881 95 96 97 98 99 
1 882 95 96 97 98 99 
1 883 95 96 97 98 99 
1 884 95 96 97 98 99 
1 885 95 96 97 98 99 
1 886 95 96 97 98 99 
1 887 95 96 97 98 99 
1 888 95 96 97 98 99 
1 889 95 96 97 98 99 
1 890 95 96 97 98 99 
1 891 95 96 97 98 99 
1 892 95 96 97 98 99 
1 893 95 96 97 98 99 
1 894 95 96 97 98 99 
1 895 95 96 97 98 99 
1 896 95 96 97 98 99 
1 897 95 96 97 98 99 
1 898 95 96 97 98 99 
1 899 95 96 97 98 99 
1 900 95 96 97 98 99 
1 901 95 96 97 98 99 
1 902 95 96 97 98 99 
1 903 95 96 97 98 99 
1 904 95 96 97 98 99 
1 905 95 96 97 98 99 
1 906 95 96 97 98 99 
1 907 95 96 97 98 99 
1 908 95 96 97 98 99 
1 909 95 96 97 98 99 
1 910 95 96 97 98 99 
1 911 95 96 97 98 99 
1 912 95 96 97 98 99 
1 913 95 96 97 98 99 
1 914 95 96 97 98 99 
1 915 95 96 97 98 99 
1 916 95 96 97 98 99 
1 917 95 96 97 98 99 
1 918 95 96 97 98 99 
1 919 95 96 97 98 99 
1 920 95 96 97 98 99 
1 921 95 96 97 98 99 
1 922 95 96 97 98 99 
1 923 95 96 97 98 99 
1 924 95 96 97 98 99 
1 925 95 96 97 98 99 
1 926 95 96 97 98 99 
1 927 95 96 97 98 99 
1 928 95 96 97 98 99 
1 929 95 96 97 98 99 
1 930 95 96 97 98 99 
1 931 95 96 97 98 99 
1 932 95 96 97 98 99 
1 933 95 96 97 98 99 
1 934 95 96 97 98 99 
1 935 95 96 97 98 99 
1 936 95 96 97 98 99 
1 937 95 96 97 98 99 
1 938 95 96 97 98 99 
1 939 95 96 97 98 99 
1 940 95 96 97 98 99 
1 941 95 96 97 98 99 
1 942 95 96 97 98 99 
1 943 95 96 97 98 99 
1 944 95 96 97 98 99 
1 945 95 96 97 98 99 
1 946 95 96 97 98 99 
1 947 95 96 97 98 99 
1 948 95 96 97 98 99 
1 949 95 96 97 98 99 
1 950 95 96 97 98 99 
1 951 95 96 97 98 99 
1 952 95 96 97 98 99 
1 953 95 96 97 98 99 
1 954 95 96 97 98 99 
1 955 95 96 97 98 99 
1 956 95 96 97 98 99 
1 957 95 96 97 98 99 
1 958 95 96 97 98 99 
1 959 95 96 97 98 99 
1 960 95 96 97 98 99 
1 961 95 96 97 98 99 
1 962 95 96 97 98 99 
1 963 95 96 97 98 99 
1 964 95 96 97 98 99 
1 965 95 96 97 98 99 
1 966 95 96 97 98 99 
1 967 95 96 97 98 99 
1 968 95 96 97 98 99 
1 969 95 96 97 98 99 
1 970 95 96 97 98 99 
1 971 95 96 97 98 99 
1 972 95 96 97 98 99 
1 973 95 96 97 98 99 
1 974 95 96 97 98 99 
1 975 95 96 97 98 99 
1 976 95 96 97 98 99 
1 977 95 96 97 98 99 
1 978 95 96 97 98 99 
1 979 95 96 97 98 99 
1 980 95 96 97 98 99 
1 981 95 96 97 98 99 
1 982 95 96 97 98 99 
1 983 95 96 97 98 99 
1 984 95 96 97 98 99 
1 985 95 96 97 98 99 
1 986 95 96 97 98 99 
1 987 95 96 97 98 99 
1 988 95 96 97 98 99 
1 989 95 96 97 98 99 
1 990 95 96 97 98 99 
1 991 95 96 97 98 99 
1 992 95 96 97 98 99 
1 993 95 96 97 98 99 
1 994 95 96 97 98 99 
1 995 95 96 97 98 99 
1 996 95 96 97 98 99 
1 997 95 96 97 98 99 
1 998 95 96 97 98 99 
1 999 95 96 97 98 99 
